<?xml version="1.0" encoding="UTF-8"?>
<!-- Generated by org.testng.reporters.JUnitXMLReporter -->
<testsuite hostname="DesktopW7-PC" name="Chrome Test" tests="1" failures="0" timestamp="25 May 2020 14:46:13 GMT" time="0.167" errors="0">
  <testcase name="@BeforeClass setUp" time="0.0" classname="testclasses.TestNG_SeleniumParametersParallelExample">
    <failure type="java.lang.NoSuchMethodError" message="com.google.common.base.Preconditions.checkState(ZLjava/lang/String;Ljava/lang/Object;Ljava/lang/Object;Ljava/lang/Object;)V">
      <![CDATA[java.lang.NoSuchMethodError: com.google.common.base.Preconditions.checkState(ZLjava/lang/String;Ljava/lang/Object;Ljava/lang/Object;Ljava/lang/Object;)V
	at org.openqa.selenium.remote.service.DriverService.findExecutable(DriverService.java:124)
	at org.openqa.selenium.chrome.ChromeDriverService.access$000(ChromeDriverService.java:32)
	at org.openqa.selenium.chrome.ChromeDriverService$Builder.findDefaultExecutable(ChromeDriverService.java:137)
	at org.openqa.selenium.remote.service.DriverService$Builder.build(DriverService.java:339)
	at org.openqa.selenium.chrome.ChromeDriverService.createDefaultService(ChromeDriverService.java:88)
	at org.openqa.selenium.chrome.ChromeDriver.<init>(ChromeDriver.java:123)
	at testclasses.TestNG_SeleniumParametersParallelExample.setUp(TestNG_SeleniumParametersParallelExample.java:34)
	at java.util.concurrent.FutureTask.run(Unknown Source)
	at java.util.concurrent.ThreadPoolExecutor.runWorker(Unknown Source)
	at java.util.concurrent.ThreadPoolExecutor$Worker.run(Unknown Source)
	at java.lang.Thread.run(Unknown Source)
... Removed 16 stack frames]]>
    </failure>
  </testcase> <!-- @BeforeClass setUp -->
  <testcase name="@AfterClass cleanUp" time="0.0" classname="testclasses.TestNG_SeleniumParametersParallelExample">
    <skipped/>
  </testcase> <!-- @AfterClass cleanUp -->
  <testcase name="testLogin" time="0.003" classname="testclasses.TestNG_SeleniumParametersParallelExample">
    <skipped/>
  </testcase> <!-- testLogin -->
</testsuite> <!-- Chrome Test -->
