<?xml version="1.0" encoding="UTF-8"?>
<!-- Generated by org.testng.reporters.JUnitXMLReporter -->
<testsuite hostname="DesktopW7-PC" name="FireFox Test" tests="1" failures="0" timestamp="5 Jun 2020 20:42:07 GMT" time="3.003" errors="0">
  <testcase name="@BeforeClass beforeClass" time="0.0" classname="extentreports.Test1">
    <failure type="java.lang.NoSuchMethodError" message="com.google.common.base.Preconditions.checkState(ZLjava/lang/String;Ljava/lang/Object;)V">
      <![CDATA[java.lang.NoSuchMethodError: com.google.common.base.Preconditions.checkState(ZLjava/lang/String;Ljava/lang/Object;)V
	at org.openqa.selenium.remote.service.DriverService.checkExecutable(DriverService.java:136)
	at org.openqa.selenium.firefox.GeckoDriverService.access$000(GeckoDriverService.java:41)
	at org.openqa.selenium.firefox.GeckoDriverService$Builder.usingFirefoxBinary(GeckoDriverService.java:134)
	at org.openqa.selenium.firefox.FirefoxDriver.toExecutor(FirefoxDriver.java:155)
	at org.openqa.selenium.firefox.FirefoxDriver.<init>(FirefoxDriver.java:120)
	at org.openqa.selenium.firefox.FirefoxDriver.<init>(FirefoxDriver.java:98)
	at extentreports.Test1.beforeClass(Test1.java:29)
... Removed 24 stack frames]]>
    </failure>
  </testcase> <!-- @BeforeClass beforeClass -->
  <testcase name="@AfterClass afterClass" time="0.0" classname="extentreports.Test1">
    <skipped/>
  </testcase> <!-- @AfterClass afterClass -->
  <testcase name="test1_validLoginTest" time="0.001" classname="extentreports.Test1">
    <skipped/>
  </testcase> <!-- test1_validLoginTest -->
</testsuite> <!-- FireFox Test -->
