<?xml version="1.0" encoding="UTF-8"?>
<!-- Generated by org.testng.reporters.JUnitXMLReporter -->
<testsuite hostname="DesktopW7-PC" name="Application Test" tests="3" failures="1" timestamp="4 Jun 2020 19:54:55 GMT" time="0.053" errors="0">
  <testcase name="testMethod1" time="0.005" classname="testclasses.TestNG_ReportsAndLogs"/>
  <testcase name="testMethod2" time="0.004" classname="testclasses.TestNG_ReportsAndLogs">
    <failure type="java.lang.AssertionError">
      <![CDATA[java.lang.AssertionError
	at org.junit.Assert.fail(Assert.java:86)
	at org.junit.Assert.assertTrue(Assert.java:41)
	at org.junit.Assert.assertTrue(Assert.java:52)
	at testclasses.TestNG_ReportsAndLogs.testMethod2(TestNG_ReportsAndLogs.java:48)
... Removed 24 stack frames]]>
    </failure>
  </testcase> <!-- testMethod2 -->
  <testcase name="testMethod3" time="0.003" classname="testclasses.TestNG_ReportsAndLogs"/>
</testsuite> <!-- Application Test -->
