<?xml version="1.0" encoding="UTF-8"?>
<testng-results skipped="2" failed="0" total="2" passed="0">
  <reporter-output>
  </reporter-output>
  <suite name="TestSuite" duration-ms="1197" started-at="2020-06-20T15:07:07Z" finished-at="2020-06-20T15:07:08Z">
    <groups>
    </groups>
    <test name="Chrome Test" duration-ms="1194" started-at="2020-06-20T15:07:07Z" finished-at="2020-06-20T15:07:08Z">
      <class name="tutorialselenium.SeleniumGrid_ParallelTestFramework">
        <test-method status="FAIL" signature="setup(java.lang.String, java.lang.String, java.lang.String, java.lang.String)[pri:0, instance:tutorialselenium.SeleniumGrid_ParallelTestFramework@66480dd7]" name="setup" is-config="true" duration-ms="0" started-at="2020-06-20T12:07:07Z" finished-at="2020-06-20T12:07:07Z">
          <params>
            <param index="0">
              <value>
                <![CDATA[Windows]]>
              </value>
            </param>
            <param index="1">
              <value>
                <![CDATA[chrome]]>
              </value>
            </param>
            <param index="2">
              <value>
                <![CDATA[45.0.2454.85]]>
              </value>
            </param>
            <param index="3">
              <value>
                <![CDATA[http://www.expedia.com]]>
              </value>
            </param>
          </params>
          <exception class="java.lang.NoSuchMethodError">
            <message>
              <![CDATA[com.google.gson.GsonBuilder.setLenient()Lcom/google/gson/GsonBuilder;]]>
            </message>
            <full-stacktrace>
              <![CDATA[java.lang.NoSuchMethodError: com.google.gson.GsonBuilder.setLenient()Lcom/google/gson/GsonBuilder;
	at org.openqa.selenium.json.Json.<clinit>(Json.java:47)
	at org.openqa.selenium.logging.profiler.HttpProfilerLogEntry.constructMessage(HttpProfilerLogEntry.java:37)
	at org.openqa.selenium.logging.profiler.HttpProfilerLogEntry.<init>(HttpProfilerLogEntry.java:29)
	at org.openqa.selenium.remote.HttpCommandExecutor.execute(HttpCommandExecutor.java:137)
	at org.openqa.selenium.remote.RemoteWebDriver.execute(RemoteWebDriver.java:601)
	at org.openqa.selenium.remote.RemoteWebDriver.startSession(RemoteWebDriver.java:219)
	at org.openqa.selenium.remote.RemoteWebDriver.<init>(RemoteWebDriver.java:142)
	at org.openqa.selenium.remote.RemoteWebDriver.<init>(RemoteWebDriver.java:155)
	at pageclasses.TestSuiteBase.getDriverInstance(TestSuiteBase.java:50)
	at pageclasses.TestSuiteBase.setup(TestSuiteBase.java:25)
	at sun.reflect.NativeMethodAccessorImpl.invoke0(Native Method)
	at sun.reflect.NativeMethodAccessorImpl.invoke(NativeMethodAccessorImpl.java:62)
	at sun.reflect.DelegatingMethodAccessorImpl.invoke(DelegatingMethodAccessorImpl.java:43)
	at java.lang.reflect.Method.invoke(Method.java:498)
	at org.testng.internal.MethodInvocationHelper.invokeMethod(MethodInvocationHelper.java:85)
	at org.testng.internal.Invoker.invokeConfigurationMethod(Invoker.java:510)
	at org.testng.internal.Invoker.invokeConfigurations(Invoker.java:211)
	at org.testng.internal.Invoker.invokeConfigurations(Invoker.java:138)
	at org.testng.internal.TestMethodWorker.invokeBeforeClassMethods(TestMethodWorker.java:170)
	at org.testng.internal.TestMethodWorker.run(TestMethodWorker.java:104)
	at org.testng.TestRunner.privateRun(TestRunner.java:774)
	at org.testng.TestRunner.run(TestRunner.java:624)
	at org.testng.SuiteRunner.runTest(SuiteRunner.java:359)
	at org.testng.SuiteRunner.access$000(SuiteRunner.java:39)
	at org.testng.SuiteRunner$SuiteWorker.run(SuiteRunner.java:393)
	at org.testng.internal.thread.ThreadUtil$2.call(ThreadUtil.java:64)
	at java.util.concurrent.FutureTask.run(FutureTask.java:266)
	at java.util.concurrent.ThreadPoolExecutor.runWorker(ThreadPoolExecutor.java:1149)
	at java.util.concurrent.ThreadPoolExecutor$Worker.run(ThreadPoolExecutor.java:624)
	at java.lang.Thread.run(Thread.java:748)
]]>
            </full-stacktrace>
          </exception> <!-- java.lang.NoSuchMethodError -->
          <reporter-output>
          </reporter-output>
        </test-method> <!-- setup -->
        <test-method status="SKIP" signature="beforeClass()[pri:0, instance:tutorialselenium.SeleniumGrid_ParallelTestFramework@66480dd7]" name="beforeClass" is-config="true" duration-ms="0" started-at="2020-06-20T12:07:08Z" finished-at="2020-06-20T12:07:08Z">
          <reporter-output>
          </reporter-output>
        </test-method> <!-- beforeClass -->
        <test-method status="SKIP" signature="searchFlights()[pri:0, instance:tutorialselenium.SeleniumGrid_ParallelTestFramework@66480dd7]" name="searchFlights" duration-ms="2" started-at="2020-06-20T12:07:08Z" finished-at="2020-06-20T12:07:08Z">
          <reporter-output>
          </reporter-output>
        </test-method> <!-- searchFlights -->
        <test-method status="SKIP" signature="tearDown()[pri:0, instance:tutorialselenium.SeleniumGrid_ParallelTestFramework@66480dd7]" name="tearDown" is-config="true" duration-ms="0" started-at="2020-06-20T12:07:08Z" finished-at="2020-06-20T12:07:08Z">
          <reporter-output>
          </reporter-output>
        </test-method> <!-- tearDown -->
        <test-method status="SKIP" signature="afterClass()[pri:0, instance:tutorialselenium.SeleniumGrid_ParallelTestFramework@66480dd7]" name="afterClass" is-config="true" duration-ms="0" started-at="2020-06-20T12:07:08Z" finished-at="2020-06-20T12:07:08Z">
          <reporter-output>
          </reporter-output>
        </test-method> <!-- afterClass -->
      </class> <!-- tutorialselenium.SeleniumGrid_ParallelTestFramework -->
    </test> <!-- Chrome Test -->
    <test name="FireFox Test" duration-ms="1197" started-at="2020-06-20T15:07:07Z" finished-at="2020-06-20T15:07:08Z">
      <class name="tutorialselenium.SeleniumGrid_ParallelTestFramework">
        <test-method status="FAIL" signature="setup(java.lang.String, java.lang.String, java.lang.String, java.lang.String)[pri:0, instance:tutorialselenium.SeleniumGrid_ParallelTestFramework@4bec1f0c]" name="setup" is-config="true" duration-ms="0" started-at="2020-06-20T12:07:07Z" finished-at="2020-06-20T12:07:07Z">
          <params>
            <param index="0">
              <value>
                <![CDATA[Windows]]>
              </value>
            </param>
            <param index="1">
              <value>
                <![CDATA[firefox]]>
              </value>
            </param>
            <param index="2">
              <value>
                <![CDATA[34.0]]>
              </value>
            </param>
            <param index="3">
              <value>
                <![CDATA[http://www.expedia.com]]>
              </value>
            </param>
          </params>
          <exception class="java.lang.NoClassDefFoundError">
            <message>
              <![CDATA[Could not initialize class org.openqa.selenium.json.Json]]>
            </message>
            <full-stacktrace>
              <![CDATA[java.lang.NoClassDefFoundError: Could not initialize class org.openqa.selenium.json.Json
	at org.openqa.selenium.logging.profiler.HttpProfilerLogEntry.constructMessage(HttpProfilerLogEntry.java:37)
	at org.openqa.selenium.logging.profiler.HttpProfilerLogEntry.<init>(HttpProfilerLogEntry.java:29)
	at org.openqa.selenium.remote.HttpCommandExecutor.execute(HttpCommandExecutor.java:137)
	at org.openqa.selenium.remote.RemoteWebDriver.execute(RemoteWebDriver.java:601)
	at org.openqa.selenium.remote.RemoteWebDriver.startSession(RemoteWebDriver.java:219)
	at org.openqa.selenium.remote.RemoteWebDriver.<init>(RemoteWebDriver.java:142)
	at org.openqa.selenium.remote.RemoteWebDriver.<init>(RemoteWebDriver.java:155)
	at pageclasses.TestSuiteBase.getDriverInstance(TestSuiteBase.java:50)
	at pageclasses.TestSuiteBase.setup(TestSuiteBase.java:25)
	at sun.reflect.NativeMethodAccessorImpl.invoke0(Native Method)
	at sun.reflect.NativeMethodAccessorImpl.invoke(NativeMethodAccessorImpl.java:62)
	at sun.reflect.DelegatingMethodAccessorImpl.invoke(DelegatingMethodAccessorImpl.java:43)
	at java.lang.reflect.Method.invoke(Method.java:498)
	at org.testng.internal.MethodInvocationHelper.invokeMethod(MethodInvocationHelper.java:85)
	at org.testng.internal.Invoker.invokeConfigurationMethod(Invoker.java:510)
	at org.testng.internal.Invoker.invokeConfigurations(Invoker.java:211)
	at org.testng.internal.Invoker.invokeConfigurations(Invoker.java:138)
	at org.testng.internal.TestMethodWorker.invokeBeforeClassMethods(TestMethodWorker.java:170)
	at org.testng.internal.TestMethodWorker.run(TestMethodWorker.java:104)
	at org.testng.TestRunner.privateRun(TestRunner.java:774)
	at org.testng.TestRunner.run(TestRunner.java:624)
	at org.testng.SuiteRunner.runTest(SuiteRunner.java:359)
	at org.testng.SuiteRunner.access$000(SuiteRunner.java:39)
	at org.testng.SuiteRunner$SuiteWorker.run(SuiteRunner.java:393)
	at org.testng.internal.thread.ThreadUtil$2.call(ThreadUtil.java:64)
	at java.util.concurrent.FutureTask.run(FutureTask.java:266)
	at java.util.concurrent.ThreadPoolExecutor.runWorker(ThreadPoolExecutor.java:1149)
	at java.util.concurrent.ThreadPoolExecutor$Worker.run(ThreadPoolExecutor.java:624)
	at java.lang.Thread.run(Thread.java:748)
]]>
            </full-stacktrace>
          </exception> <!-- java.lang.NoClassDefFoundError -->
          <reporter-output>
          </reporter-output>
        </test-method> <!-- setup -->
        <test-method status="SKIP" signature="beforeClass()[pri:0, instance:tutorialselenium.SeleniumGrid_ParallelTestFramework@4bec1f0c]" name="beforeClass" is-config="true" duration-ms="0" started-at="2020-06-20T12:07:08Z" finished-at="2020-06-20T12:07:08Z">
          <reporter-output>
          </reporter-output>
        </test-method> <!-- beforeClass -->
        <test-method status="SKIP" signature="searchFlights()[pri:0, instance:tutorialselenium.SeleniumGrid_ParallelTestFramework@4bec1f0c]" name="searchFlights" duration-ms="1" started-at="2020-06-20T12:07:08Z" finished-at="2020-06-20T12:07:08Z">
          <reporter-output>
          </reporter-output>
        </test-method> <!-- searchFlights -->
        <test-method status="SKIP" signature="tearDown()[pri:0, instance:tutorialselenium.SeleniumGrid_ParallelTestFramework@4bec1f0c]" name="tearDown" is-config="true" duration-ms="0" started-at="2020-06-20T12:07:08Z" finished-at="2020-06-20T12:07:08Z">
          <reporter-output>
          </reporter-output>
        </test-method> <!-- tearDown -->
        <test-method status="SKIP" signature="afterClass()[pri:0, instance:tutorialselenium.SeleniumGrid_ParallelTestFramework@4bec1f0c]" name="afterClass" is-config="true" duration-ms="0" started-at="2020-06-20T12:07:08Z" finished-at="2020-06-20T12:07:08Z">
          <reporter-output>
          </reporter-output>
        </test-method> <!-- afterClass -->
      </class> <!-- tutorialselenium.SeleniumGrid_ParallelTestFramework -->
    </test> <!-- FireFox Test -->
  </suite> <!-- TestSuite -->
</testng-results>
