<?xml version="1.0" encoding="UTF-8"?>
<!-- Generated by org.testng.reporters.JUnitXMLReporter -->
<testsuite hostname="DesktopW7-PC" name="Test1" tests="1" failures="1" timestamp="21 May 2020 16:39:15 GMT" time="0.031" errors="0">
  <testcase name="testMethod1" time="0.0" classname="testclasses.TestNG_TestParameters">
    <failure type="java.lang.ArrayIndexOutOfBoundsException" message="1">
      <![CDATA[java.lang.ArrayIndexOutOfBoundsException: 1
	at testclasses.TestNG_TestParameters.testMethod1(TestNG_TestParameters.java:32)
... Removed 24 stack frames]]>
    </failure>
  </testcase> <!-- testMethod1 -->
</testsuite> <!-- Test1 -->
