<?xml version="1.0" encoding="UTF-8"?>
<!-- Generated by org.testng.reporters.JUnitXMLReporter -->
<testsuite hostname="DesktopW7-PC" name="Test 1" tests="4" failures="0" timestamp="20 May 2020 20:13:51 GMT" time="0.042" errors="0">
  <testcase name="testMethod1" time="0.005" classname="testclasses.TestNG_Preserve2"/>
  <testcase name="testMethod2" time="0.002" classname="testclasses.TestNG_Preserve2"/>
  <testcase name="testMethod1" time="0.001" classname="testclasses.TestNG_Preserve1"/>
  <testcase name="testMethod2" time="0.001" classname="testclasses.TestNG_Preserve1"/>
</testsuite> <!-- Test 1 -->
