<?xml version="1.0" encoding="UTF-8"?>
<!-- Generated by org.testng.reporters.JUnitXMLReporter -->
<testsuite hostname="DesktopW7-PC" name="Application Test 1" tests="2" failures="1" timestamp="4 Jun 2020 15:03:20 GMT" time="0.048" errors="0">
  <testcase name="testMethod1" time="0.009" classname="testclasses.TestNG_ListenersTest1"/>
  <testcase name="testMethod2" time="0.005" classname="testclasses.TestNG_ListenersTest1">
    <failure type="java.lang.AssertionError" message="expected [true] but found [false]">
      <![CDATA[java.lang.AssertionError: expected [true] but found [false]
	at testclasses.TestNG_ListenersTest1.testMethod2(TestNG_ListenersTest1.java:31)
... Removed 28 stack frames]]>
    </failure>
  </testcase> <!-- testMethod2 -->
</testsuite> <!-- Application Test 1 -->
